Grammar

    0 $accept: SystemGoal $end

    1 Program: BEGINSYM StmtList END

    2 StmtList: Stmt SEMICOLON
    3         | Stmt StmtList SEMICOLON

    4 Stmt: ID ASSIGNOP Expn
    5     | READ LPAREN IdList RPAREN
    6     | WRITE LPAREN ExpnList RPAREN

    7 IdList: ID
    8       | ID COMMA IdList

    9 ExpnList: Expn
   10         | Expn COMMA ExpnList

   11 Expn: Primary
   12     | Primary PLUOP Expn
   13     | Primary MINUSOP Expn

   14 Primary: LPAREN Expn RPAREN
   15        | ID
   16        | INTLITERAL

   17 SystemGoal: Program SCANEOF


Terminals, with rules where they appear

$end (0) 0
error (256)
BEGINSYM (258) 1
END (259) 1
READ (260) 5
WRITE (261) 6
ID (262) 4 7 8 15
LPAREN (263) 5 6 14
RPAREN (264) 5 6 14
SEMICOLON (265) 2 3
COMMA (266) 8 10
ASSIGNOP (267) 4
PLUOP (268) 12
MINUSOP (269) 13
SCANEOF (270) 17
INTLITERAL (271) 16


Nonterminals, with rules where they appear

$accept (17)
    on left: 0
Program (18)
    on left: 1, on right: 17
StmtList (19)
    on left: 2 3, on right: 1 3
Stmt (20)
    on left: 4 5 6, on right: 2 3
IdList (21)
    on left: 7 8, on right: 5 8
ExpnList (22)
    on left: 9 10, on right: 6 10
Expn (23)
    on left: 11 12 13, on right: 4 9 10 12 13 14
Primary (24)
    on left: 14 15 16, on right: 11 12 13
SystemGoal (25)
    on left: 17, on right: 0


state 0

    0 $accept: . SystemGoal $end

    BEGINSYM  shift, and go to state 1

    Program     go to state 2
    SystemGoal  go to state 3


state 1

    1 Program: BEGINSYM . StmtList END

    READ   shift, and go to state 4
    WRITE  shift, and go to state 5
    ID     shift, and go to state 6

    StmtList  go to state 7
    Stmt      go to state 8


state 2

   17 SystemGoal: Program . SCANEOF

    SCANEOF  shift, and go to state 9


state 3

    0 $accept: SystemGoal . $end

    $end  shift, and go to state 10


state 4

    5 Stmt: READ . LPAREN IdList RPAREN

    LPAREN  shift, and go to state 11


state 5

    6 Stmt: WRITE . LPAREN ExpnList RPAREN

    LPAREN  shift, and go to state 12


state 6

    4 Stmt: ID . ASSIGNOP Expn

    ASSIGNOP  shift, and go to state 13


state 7

    1 Program: BEGINSYM StmtList . END

    END  shift, and go to state 14


state 8

    2 StmtList: Stmt . SEMICOLON
    3         | Stmt . StmtList SEMICOLON

    READ       shift, and go to state 4
    WRITE      shift, and go to state 5
    ID         shift, and go to state 6
    SEMICOLON  shift, and go to state 15

    StmtList  go to state 16
    Stmt      go to state 8


state 9

   17 SystemGoal: Program SCANEOF .

    $default  reduce using rule 17 (SystemGoal)


state 10

    0 $accept: SystemGoal $end .

    $default  accept


state 11

    5 Stmt: READ LPAREN . IdList RPAREN

    ID  shift, and go to state 17

    IdList  go to state 18


state 12

    6 Stmt: WRITE LPAREN . ExpnList RPAREN

    ID          shift, and go to state 19
    LPAREN      shift, and go to state 20
    INTLITERAL  shift, and go to state 21

    ExpnList  go to state 22
    Expn      go to state 23
    Primary   go to state 24


state 13

    4 Stmt: ID ASSIGNOP . Expn

    ID          shift, and go to state 19
    LPAREN      shift, and go to state 20
    INTLITERAL  shift, and go to state 21

    Expn     go to state 25
    Primary  go to state 24


state 14

    1 Program: BEGINSYM StmtList END .

    $default  reduce using rule 1 (Program)


state 15

    2 StmtList: Stmt SEMICOLON .

    $default  reduce using rule 2 (StmtList)


state 16

    3 StmtList: Stmt StmtList . SEMICOLON

    SEMICOLON  shift, and go to state 26


state 17

    7 IdList: ID .
    8       | ID . COMMA IdList

    COMMA  shift, and go to state 27

    $default  reduce using rule 7 (IdList)


state 18

    5 Stmt: READ LPAREN IdList . RPAREN

    RPAREN  shift, and go to state 28


state 19

   15 Primary: ID .

    $default  reduce using rule 15 (Primary)


state 20

   14 Primary: LPAREN . Expn RPAREN

    ID          shift, and go to state 19
    LPAREN      shift, and go to state 20
    INTLITERAL  shift, and go to state 21

    Expn     go to state 29
    Primary  go to state 24


state 21

   16 Primary: INTLITERAL .

    $default  reduce using rule 16 (Primary)


state 22

    6 Stmt: WRITE LPAREN ExpnList . RPAREN

    RPAREN  shift, and go to state 30


state 23

    9 ExpnList: Expn .
   10         | Expn . COMMA ExpnList

    COMMA  shift, and go to state 31

    $default  reduce using rule 9 (ExpnList)


state 24

   11 Expn: Primary .
   12     | Primary . PLUOP Expn
   13     | Primary . MINUSOP Expn

    PLUOP    shift, and go to state 32
    MINUSOP  shift, and go to state 33

    $default  reduce using rule 11 (Expn)


state 25

    4 Stmt: ID ASSIGNOP Expn .

    $default  reduce using rule 4 (Stmt)


state 26

    3 StmtList: Stmt StmtList SEMICOLON .

    $default  reduce using rule 3 (StmtList)


state 27

    8 IdList: ID COMMA . IdList

    ID  shift, and go to state 17

    IdList  go to state 34


state 28

    5 Stmt: READ LPAREN IdList RPAREN .

    $default  reduce using rule 5 (Stmt)


state 29

   14 Primary: LPAREN Expn . RPAREN

    RPAREN  shift, and go to state 35


state 30

    6 Stmt: WRITE LPAREN ExpnList RPAREN .

    $default  reduce using rule 6 (Stmt)


state 31

   10 ExpnList: Expn COMMA . ExpnList

    ID          shift, and go to state 19
    LPAREN      shift, and go to state 20
    INTLITERAL  shift, and go to state 21

    ExpnList  go to state 36
    Expn      go to state 23
    Primary   go to state 24


state 32

   12 Expn: Primary PLUOP . Expn

    ID          shift, and go to state 19
    LPAREN      shift, and go to state 20
    INTLITERAL  shift, and go to state 21

    Expn     go to state 37
    Primary  go to state 24


state 33

   13 Expn: Primary MINUSOP . Expn

    ID          shift, and go to state 19
    LPAREN      shift, and go to state 20
    INTLITERAL  shift, and go to state 21

    Expn     go to state 38
    Primary  go to state 24


state 34

    8 IdList: ID COMMA IdList .

    $default  reduce using rule 8 (IdList)


state 35

   14 Primary: LPAREN Expn RPAREN .

    $default  reduce using rule 14 (Primary)


state 36

   10 ExpnList: Expn COMMA ExpnList .

    $default  reduce using rule 10 (ExpnList)


state 37

   12 Expn: Primary PLUOP Expn .

    $default  reduce using rule 12 (Expn)


state 38

   13 Expn: Primary MINUSOP Expn .

    $default  reduce using rule 13 (Expn)
